<?xml version="1.0" encoding="UTF-8"?>
<!-- Generated by org.testng.reporters.JUnitReportReporter -->
<testsuite hostname="shajahanspc" failures="0" tests="1" name="com.qa.Testcases.ProductSearchTest" time="10.979" errors="0" timestamp="2023-12-28T23:05:08 EET" skipped="0">
  <testcase classname="com.qa.Testcases.ProductSearchTest" name="searchProduct" time="10.979"/>
</testsuite> <!-- com.qa.Testcases.ProductSearchTest -->
